<?xml version="1.0" encoding="UTF-8"?>
<!-- Generated by org.testng.reporters.JUnitReportReporter -->
<testsuite hostname="chethan" failures="0" tests="1" name="com.automation.tests.LoginTest" time="9.264" errors="0" timestamp="2025-05-25T08:45:22 IST" skipped="0">
  <testcase classname="com.automation.tests.LoginTest" name="getAllPrices" time="9.264"/>
</testsuite> <!-- com.automation.tests.LoginTest -->
