<?xml version="1.0" encoding="UTF-8"?>
<!-- Generated by org.testng.reporters.JUnitReportReporter -->
<testsuite hostname="chethan" failures="0" tests="1" name="com.automation.tests.BookListTest" time="10.253" errors="0" timestamp="2025-05-22T08:50:34 IST" skipped="0">
  <testcase classname="com.automation.tests.BookListTest" name="dragAndDrop" time="10.253"/>
</testsuite> <!-- com.automation.tests.BookListTest -->
